nohup: ignoring input
Forwarding from 127.0.0.1:2746 -> 2746
Forwarding from [::1]:2746 -> 2746
Handling connection for 2746
Handling connection for 2746
Handling connection for 2746
Handling connection for 2746
Handling connection for 2746
Handling connection for 2746
Handling connection for 2746
Handling connection for 2746
Handling connection for 2746
Handling connection for 2746
Handling connection for 2746
Handling connection for 2746
Handling connection for 2746
Handling connection for 2746
Handling connection for 2746
E0119 13:19:17.106438  367181 portforward.go:385] "Unhandled Error" err="error copying from remote stream to local connection: readfrom tcp4 127.0.0.1:2746->127.0.0.1:54994: write tcp4 127.0.0.1:2746->127.0.0.1:54994: write: broken pipe"
Handling connection for 2746
Handling connection for 2746
Handling connection for 2746
Handling connection for 2746
Handling connection for 2746
E0119 13:29:16.656443  367181 portforward.go:351] "Unhandled Error" err="error creating error stream for port 2746 -> 2746: Timeout occurred"
Handling connection for 2746
Handling connection for 2746
E0119 13:29:59.148114  367181 portforward.go:351] "Unhandled Error" err="error creating error stream for port 2746 -> 2746: Timeout occurred"
Handling connection for 2746
Handling connection for 2746
Handling connection for 2746
E0119 18:58:48.604776  367181 portforward.go:351] "Unhandled Error" err="error creating error stream for port 2746 -> 2746: Timeout occurred"
Handling connection for 2746
Handling connection for 2746
Handling connection for 2746
E0119 19:00:16.016627  367181 portforward.go:351] "Unhandled Error" err="error creating error stream for port 2746 -> 2746: Timeout occurred"
Handling connection for 2746
Handling connection for 2746
Handling connection for 2746
Handling connection for 2746
Handling connection for 2746
Handling connection for 2746
E0119 19:50:20.819499  367181 portforward.go:385] "Unhandled Error" err="error copying from remote stream to local connection: readfrom tcp4 127.0.0.1:2746->127.0.0.1:42638: write tcp4 127.0.0.1:2746->127.0.0.1:42638: write: broken pipe"
Handling connection for 2746
E0119 19:50:50.693042  367181 portforward.go:351] "Unhandled Error" err="error creating error stream for port 2746 -> 2746: Timeout occurred"
E0119 19:50:50.708736  367181 portforward.go:351] "Unhandled Error" err="error creating error stream for port 2746 -> 2746: Timeout occurred"
Handling connection for 2746
E0119 19:52:30.900249  367181 portforward.go:351] "Unhandled Error" err="error creating error stream for port 2746 -> 2746: Timeout occurred"
Handling connection for 2746
Handling connection for 2746
Handling connection for 2746
Handling connection for 2746
E0119 20:13:35.404116  367181 portforward.go:351] "Unhandled Error" err="error creating error stream for port 2746 -> 2746: Timeout occurred"
Handling connection for 2746
Handling connection for 2746
Handling connection for 2746
E0119 20:23:46.269681  367181 portforward.go:351] "Unhandled Error" err="error creating error stream for port 2746 -> 2746: Timeout occurred"
Handling connection for 2746
Handling connection for 2746
E0119 21:22:34.947825  367181 portforward.go:351] "Unhandled Error" err="error creating error stream for port 2746 -> 2746: Timeout occurred"
Handling connection for 2746
